[debug] [2021-07-01T10:46:40.944Z] ----------------------------------------------------------------------
[debug] [2021-07-01T10:46:40.947Z] Command:       C:\Program Files\nodejs\node.exe C:\Users\aswin\AppData\Roaming\npm\node_modules\firebase-tools\lib\bin\firebase.js emulators:start
[debug] [2021-07-01T10:46:40.947Z] CLI Version:   9.14.0
[debug] [2021-07-01T10:46:40.948Z] Platform:      win32
[debug] [2021-07-01T10:46:40.948Z] Node Version:  v14.17.1
[debug] [2021-07-01T10:46:40.949Z] Time:          Thu Jul 01 2021 16:16:40 GMT+0530 (India Standard Time)
[debug] [2021-07-01T10:46:40.949Z] ----------------------------------------------------------------------
[debug] 
[debug] [2021-07-01T10:46:40.957Z] > command requires scopes: ["email","openid","https://www.googleapis.com/auth/cloudplatformprojects.readonly","https://www.googleapis.com/auth/firebase","https://www.googleapis.com/auth/cloud-platform"]
[debug] [2021-07-01T10:46:40.957Z] > authorizing via signed-in user (aswin.knight@gmail.com)
[info] i  emulators: Starting emulators: functions, hosting {"metadata":{"emulator":{"name":"hub"},"message":"Starting emulators: functions, hosting"}}
[debug] [2021-07-01T10:46:40.987Z] [hub] writing locator at C:\Users\aswin\AppData\Local\Temp\hub-clone-df6ba.json
[warn] !  functions: The following emulators are not running, calls to these services from the Functions emulator will affect production: auth, firestore, database, pubsub, storage {"metadata":{"emulator":{"name":"functions"},"message":"The following emulators are not running, calls to these services from the Functions emulator will affect production: \u001b[1mauth, firestore, database, pubsub, storage\u001b[22m"}}
[info] +  functions: Using node@14 from host. {"metadata":{"emulator":{"name":"functions"},"message":"Using node@14 from host."}}
[debug] [2021-07-01T10:46:41.074Z] defaultcredentials: writing to file C:\Users\aswin\AppData\Roaming\firebase\aswin_knight_gmail.com_application_default_credentials.json
[debug] [2021-07-01T10:46:41.076Z] Setting GAC to C:\Users\aswin\AppData\Roaming\firebase\aswin_knight_gmail.com_application_default_credentials.json {"metadata":{"emulator":{"name":"functions"},"message":"Setting GAC to C:\\Users\\aswin\\AppData\\Roaming\\firebase\\aswin_knight_gmail.com_application_default_credentials.json"}}
[debug] [2021-07-01T10:46:41.079Z] >>> [apiv2][query] GET https://firebase.googleapis.com/v1beta1/projects/clone-df6ba/adminSdkConfig [none]
[debug] [2021-07-01T10:46:41.721Z] <<< [apiv2][status] GET https://firebase.googleapis.com/v1beta1/projects/clone-df6ba/adminSdkConfig 200
[debug] [2021-07-01T10:46:41.721Z] <<< [apiv2][body] GET https://firebase.googleapis.com/v1beta1/projects/clone-df6ba/adminSdkConfig {"projectId":"clone-df6ba","databaseURL":"https://clone-df6ba-default-rtdb.firebaseio.com","storageBucket":"clone-df6ba.appspot.com","locationId":"us-central"}
[debug] [2021-07-01T10:46:41.735Z] >>> [apiv2][query] GET https://firebasehosting.googleapis.com/v1beta1/projects/clone-df6ba/sites 
[debug] [2021-07-01T10:46:43.388Z] <<< [apiv2][status] GET https://firebasehosting.googleapis.com/v1beta1/projects/clone-df6ba/sites 200
[debug] [2021-07-01T10:46:43.388Z] <<< [apiv2][body] GET https://firebasehosting.googleapis.com/v1beta1/projects/clone-df6ba/sites {"sites":[{"name":"projects/968790199572/sites/clone-df6ba","defaultUrl":"https://clone-df6ba.web.app","appId":"1:968790199572:web:4423860c6b848f7cca8601","type":"DEFAULT_SITE"}]}
[debug] [2021-07-01T10:46:43.388Z] >>> [apiv2][query] GET https://firebase.googleapis.com/v1beta1/projects/clone-df6ba/webApps/1:968790199572:web:4423860c6b848f7cca8601/config [none]
[debug] [2021-07-01T10:46:44.688Z] <<< [apiv2][status] GET https://firebase.googleapis.com/v1beta1/projects/clone-df6ba/webApps/1:968790199572:web:4423860c6b848f7cca8601/config 200
[debug] [2021-07-01T10:46:44.688Z] <<< [apiv2][body] GET https://firebase.googleapis.com/v1beta1/projects/clone-df6ba/webApps/1:968790199572:web:4423860c6b848f7cca8601/config {"projectId":"clone-df6ba","appId":"1:968790199572:web:4423860c6b848f7cca8601","databaseURL":"https://clone-df6ba-default-rtdb.firebaseio.com","storageBucket":"clone-df6ba.appspot.com","locationId":"us-central","apiKey":"AIzaSyBaKLwaxvJ0KW6DzJI7-BsNP87uGa_vf3Q","authDomain":"clone-df6ba.firebaseapp.com","messagingSenderId":"968790199572","measurementId":"G-ZFQFR1NH8Z"}
[info] i  hosting: Serving hosting files from: build {"metadata":{"emulator":{"name":"hosting"},"message":"Serving hosting files from: \u001b[1mbuild\u001b[22m"}}
[info] +  hosting: Local server: http://localhost:5000 {"metadata":{"emulator":{"name":"hosting"},"message":"Local server: \u001b[4m\u001b[1mhttp://localhost:5000\u001b[22m\u001b[24m"}}
[debug] [2021-07-01T10:46:44.743Z] Ignoring unsupported arg: auto_download {"metadata":{"emulator":{"name":"ui"},"message":"Ignoring unsupported arg: auto_download"}}
[debug] [2021-07-01T10:46:44.743Z] Ignoring unsupported arg: port {"metadata":{"emulator":{"name":"ui"},"message":"Ignoring unsupported arg: port"}}
[debug] [2021-07-01T10:46:44.743Z] Starting Emulator UI with command {"binary":"node","args":["C:\\Users\\aswin\\.cache\\firebase\\emulators\\ui-v1.5.0\\server.bundle.js"],"optionalArgs":[],"joinArgs":false} {"metadata":{"emulator":{"name":"ui"},"message":"Starting Emulator UI with command {\"binary\":\"node\",\"args\":[\"C:\\\\Users\\\\aswin\\\\.cache\\\\firebase\\\\emulators\\\\ui-v1.5.0\\\\server.bundle.js\"],\"optionalArgs\":[],\"joinArgs\":false}"}}
[info] i  ui: Emulator UI logging to ui-debug.log {"metadata":{"emulator":{"name":"ui"},"message":"Emulator UI logging to \u001b[1mui-debug.log\u001b[22m"}}
[debug] [2021-07-01T10:46:44.854Z] Web / API server started at http://localhost:4000
 {"metadata":{"emulator":{"name":"ui"},"message":"Web / API server started at http://localhost:4000\n"}}
[info] i  functions: Watching "D:\Mine Stuffs\amazon-clone\functions" for Cloud Functions... {"metadata":{"emulator":{"name":"functions"},"message":"Watching \"D:\\Mine Stuffs\\amazon-clone\\functions\" for Cloud Functions..."}}
[debug] [2021-07-01T10:46:45.038Z] [worker-pool] addWorker(~diagnostic~) {"metadata":{"emulator":{"name":"functions"},"message":"[worker-pool] addWorker(~diagnostic~)"}}
[debug] [2021-07-01T10:46:45.039Z] [worker-pool] Adding worker with key ~diagnostic~, total=1 {"metadata":{"emulator":{"name":"functions"},"message":"[worker-pool] Adding worker with key ~diagnostic~, total=1"}}
[debug] [2021-07-01T10:46:45.039Z] [worker-pool] submitWork(triggerId=) {"metadata":{"emulator":{"name":"functions"},"message":"[worker-pool] submitWork(triggerId=)"}}
[debug] [2021-07-01T10:46:45.039Z] [worker-~diagnostic~-a6be1337-817f-4e3e-ac6c-90313b7ed48f]: Assigning socketPath: \\?\pipe\D:\Mine Stuffs\amazon-clone\functions\13980 {"metadata":{"emulator":{"name":"functions"},"message":"[worker-~diagnostic~-a6be1337-817f-4e3e-ac6c-90313b7ed48f]: Assigning socketPath: \\\\?\\pipe\\D:\\Mine Stuffs\\amazon-clone\\functions\\13980"}}
[debug] [2021-07-01T10:46:45.040Z] [worker-~diagnostic~-a6be1337-817f-4e3e-ac6c-90313b7ed48f]: BUSY {"metadata":{"emulator":{"name":"functions"},"message":"[worker-~diagnostic~-a6be1337-817f-4e3e-ac6c-90313b7ed48f]: BUSY"}}
[debug] [2021-07-01T10:46:45.212Z] [runtime-status] [13980] Functions runtime initialized. {"cwd":"D:\\Mine Stuffs\\amazon-clone\\functions","node_version":"14.17.1"} {"metadata":{"emulator":{"name":"functions"},"message":"[runtime-status] [13980] Functions runtime initialized. {\"cwd\":\"D:\\\\Mine Stuffs\\\\amazon-clone\\\\functions\",\"node_version\":\"14.17.1\"}"}}
[debug] [2021-07-01T10:46:45.213Z] [runtime-status] [13980] Disabled runtime features: undefined {"metadata":{"emulator":{"name":"functions"},"message":"[runtime-status] [13980] Disabled runtime features: undefined"}}
[debug] [2021-07-01T10:46:45.216Z] [runtime-status] [13980] Resolved module firebase-admin {"declared":true,"installed":true,"version":"9.10.0","resolution":"D:\\Mine Stuffs\\amazon-clone\\functions\\node_modules\\firebase-admin\\lib\\index.js"} {"metadata":{"emulator":{"name":"functions"},"message":"[runtime-status] [13980] Resolved module firebase-admin {\"declared\":true,\"installed\":true,\"version\":\"9.10.0\",\"resolution\":\"D:\\\\Mine Stuffs\\\\amazon-clone\\\\functions\\\\node_modules\\\\firebase-admin\\\\lib\\\\index.js\"}"}}
[debug] [2021-07-01T10:46:45.218Z] [runtime-status] [13980] Resolved module firebase-functions {"declared":true,"installed":true,"version":"3.14.1","resolution":"D:\\Mine Stuffs\\amazon-clone\\functions\\node_modules\\firebase-functions\\lib\\index.js"} {"metadata":{"emulator":{"name":"functions"},"message":"[runtime-status] [13980] Resolved module firebase-functions {\"declared\":true,\"installed\":true,\"version\":\"3.14.1\",\"resolution\":\"D:\\\\Mine Stuffs\\\\amazon-clone\\\\functions\\\\node_modules\\\\firebase-functions\\\\lib\\\\index.js\"}"}}
[debug] [2021-07-01T10:46:45.219Z] [runtime-status] [13980] Resolved module firebase-functions {"declared":true,"installed":true,"version":"3.14.1","resolution":"D:\\Mine Stuffs\\amazon-clone\\functions\\node_modules\\firebase-functions\\lib\\index.js"} {"metadata":{"emulator":{"name":"functions"},"message":"[runtime-status] [13980] Resolved module firebase-functions {\"declared\":true,\"installed\":true,\"version\":\"3.14.1\",\"resolution\":\"D:\\\\Mine Stuffs\\\\amazon-clone\\\\functions\\\\node_modules\\\\firebase-functions\\\\lib\\\\index.js\"}"}}
[debug] [2021-07-01T10:46:45.220Z] [runtime-status] [13980] Outgoing network have been stubbed. [{"name":"http","status":"mocked"},{"name":"http","status":"mocked"},{"name":"https","status":"mocked"},{"name":"https","status":"mocked"},{"name":"net","status":"mocked"}] {"metadata":{"emulator":{"name":"functions"},"message":"[runtime-status] [13980] Outgoing network have been stubbed. [{\"name\":\"http\",\"status\":\"mocked\"},{\"name\":\"http\",\"status\":\"mocked\"},{\"name\":\"https\",\"status\":\"mocked\"},{\"name\":\"https\",\"status\":\"mocked\"},{\"name\":\"net\",\"status\":\"mocked\"}]"}}
[debug] [2021-07-01T10:46:45.221Z] [runtime-status] [13980] Resolved module firebase-functions {"declared":true,"installed":true,"version":"3.14.1","resolution":"D:\\Mine Stuffs\\amazon-clone\\functions\\node_modules\\firebase-functions\\lib\\index.js"} {"metadata":{"emulator":{"name":"functions"},"message":"[runtime-status] [13980] Resolved module firebase-functions {\"declared\":true,\"installed\":true,\"version\":\"3.14.1\",\"resolution\":\"D:\\\\Mine Stuffs\\\\amazon-clone\\\\functions\\\\node_modules\\\\firebase-functions\\\\lib\\\\index.js\"}"}}
[debug] [2021-07-01T10:46:45.285Z] [runtime-status] [13980] Checked functions.config() {"config":{}} {"metadata":{"emulator":{"name":"functions"},"message":"[runtime-status] [13980] Checked functions.config() {\"config\":{}}"}}
[debug] [2021-07-01T10:46:45.286Z] [runtime-status] [13980] firebase-functions has been stubbed. {"functionsResolution":{"declared":true,"installed":true,"version":"3.14.1","resolution":"D:\\Mine Stuffs\\amazon-clone\\functions\\node_modules\\firebase-functions\\lib\\index.js"}} {"metadata":{"emulator":{"name":"functions"},"message":"[runtime-status] [13980] firebase-functions has been stubbed. {\"functionsResolution\":{\"declared\":true,\"installed\":true,\"version\":\"3.14.1\",\"resolution\":\"D:\\\\Mine Stuffs\\\\amazon-clone\\\\functions\\\\node_modules\\\\firebase-functions\\\\lib\\\\index.js\"}}"}}
[debug] [2021-07-01T10:46:45.286Z] [runtime-status] [13980] Resolved module firebase-functions {"declared":true,"installed":true,"version":"3.14.1","resolution":"D:\\Mine Stuffs\\amazon-clone\\functions\\node_modules\\firebase-functions\\lib\\index.js"} {"metadata":{"emulator":{"name":"functions"},"message":"[runtime-status] [13980] Resolved module firebase-functions {\"declared\":true,\"installed\":true,\"version\":\"3.14.1\",\"resolution\":\"D:\\\\Mine Stuffs\\\\amazon-clone\\\\functions\\\\node_modules\\\\firebase-functions\\\\lib\\\\index.js\"}"}}
[debug] [2021-07-01T10:46:45.286Z] [runtime-status] [13980] Resolved module firebase-admin {"declared":true,"installed":true,"version":"9.10.0","resolution":"D:\\Mine Stuffs\\amazon-clone\\functions\\node_modules\\firebase-admin\\lib\\index.js"} {"metadata":{"emulator":{"name":"functions"},"message":"[runtime-status] [13980] Resolved module firebase-admin {\"declared\":true,\"installed\":true,\"version\":\"9.10.0\",\"resolution\":\"D:\\\\Mine Stuffs\\\\amazon-clone\\\\functions\\\\node_modules\\\\firebase-admin\\\\lib\\\\index.js\"}"}}
[debug] [2021-07-01T10:46:45.287Z] [runtime-status] [13980] Resolved module firebase-functions {"declared":true,"installed":true,"version":"3.14.1","resolution":"D:\\Mine Stuffs\\amazon-clone\\functions\\node_modules\\firebase-functions\\lib\\index.js"} {"metadata":{"emulator":{"name":"functions"},"message":"[runtime-status] [13980] Resolved module firebase-functions {\"declared\":true,\"installed\":true,\"version\":\"3.14.1\",\"resolution\":\"D:\\\\Mine Stuffs\\\\amazon-clone\\\\functions\\\\node_modules\\\\firebase-functions\\\\lib\\\\index.js\"}"}}
[debug] [2021-07-01T10:46:45.287Z] [runtime-status] [13980] firebase-admin has been stubbed. {"adminResolution":{"declared":true,"installed":true,"version":"9.10.0","resolution":"D:\\Mine Stuffs\\amazon-clone\\functions\\node_modules\\firebase-admin\\lib\\index.js"}} {"metadata":{"emulator":{"name":"functions"},"message":"[runtime-status] [13980] firebase-admin has been stubbed. {\"adminResolution\":{\"declared\":true,\"installed\":true,\"version\":\"9.10.0\",\"resolution\":\"D:\\\\Mine Stuffs\\\\amazon-clone\\\\functions\\\\node_modules\\\\firebase-admin\\\\lib\\\\index.js\"}}"}}
[info] +  functions[us-central1-api]: http function initialized (http://localhost:5001/clone-df6ba/us-central1/api). {"metadata":{"emulator":{"name":"functions"},"message":"\u001b[1mhttp\u001b[22m function initialized (http://localhost:5001/clone-df6ba/us-central1/api)."}}
[info] 
┌─────────────────────────────────────────────────────────────┐
│ ✔  All emulators ready! It is now safe to connect your app. │
│ i  View Emulator UI at http://localhost:4000                │
└─────────────────────────────────────────────────────────────┘

┌───────────┬────────────────┬─────────────────────────────────┐
│ Emulator  │ Host:Port      │ View in Emulator UI             │
├───────────┼────────────────┼─────────────────────────────────┤
│ Functions │ localhost:5001 │ http://localhost:4000/functions │
├───────────┼────────────────┼─────────────────────────────────┤
│ Hosting   │ localhost:5000 │ n/a                             │
└───────────┴────────────────┴─────────────────────────────────┘
  Emulator Hub running at localhost:4400
  Other reserved ports: 4500

Issues? Report them at https://github.com/firebase/firebase-tools/issues and attach the *-debug.log files.
 
[debug] [2021-07-01T10:46:45.497Z] [worker-~diagnostic~-a6be1337-817f-4e3e-ac6c-90313b7ed48f]: IDLE {"metadata":{"emulator":{"name":"functions"},"message":"[worker-~diagnostic~-a6be1337-817f-4e3e-ac6c-90313b7ed48f]: IDLE"}}
[debug] [2021-07-01T10:47:03.076Z] [work-queue] {"queueLength":1,"workRunningCount":0}
[debug] [2021-07-01T10:47:03.076Z] [work-queue] {"queueLength":0,"workRunningCount":1}
[debug] [2021-07-01T10:47:03.077Z] Accepted request POST /clone-df6ba/us-central1/api/payments/create?total=36860 --> us-central1-api
[debug] [2021-07-01T10:47:03.082Z] [worker-pool] addWorker(us-central1-api) {"metadata":{"emulator":{"name":"functions"},"message":"[worker-pool] addWorker(us-central1-api)"}}
[debug] [2021-07-01T10:47:03.083Z] [worker-pool] Adding worker with key us-central1-api, total=1 {"metadata":{"emulator":{"name":"functions"},"message":"[worker-pool] Adding worker with key us-central1-api, total=1"}}
[debug] [2021-07-01T10:47:03.083Z] [worker-pool] submitWork(triggerId=us-central1-api) {"metadata":{"emulator":{"name":"functions"},"message":"[worker-pool] submitWork(triggerId=us-central1-api)"}}
[debug] [2021-07-01T10:47:03.083Z] [worker-us-central1-api-44bceac9-d038-43f9-a496-f072c11e477e]: Assigning socketPath: \\?\pipe\D:\Mine Stuffs\amazon-clone\functions\9060 {"metadata":{"emulator":{"name":"functions"},"message":"[worker-us-central1-api-44bceac9-d038-43f9-a496-f072c11e477e]: Assigning socketPath: \\\\?\\pipe\\D:\\Mine Stuffs\\amazon-clone\\functions\\9060"}}
[debug] [2021-07-01T10:47:03.083Z] [worker-us-central1-api-44bceac9-d038-43f9-a496-f072c11e477e]: BUSY {"metadata":{"emulator":{"name":"functions"},"message":"[worker-us-central1-api-44bceac9-d038-43f9-a496-f072c11e477e]: BUSY"}}
[debug] [2021-07-01T10:47:03.272Z] [runtime-status] [9060] Functions runtime initialized. {"cwd":"D:\\Mine Stuffs\\amazon-clone\\functions","node_version":"14.17.1"} {"metadata":{"emulator":{"name":"functions"},"function":{"name":"us-central1-api"},"message":"[runtime-status] [9060] Functions runtime initialized. {\"cwd\":\"D:\\\\Mine Stuffs\\\\amazon-clone\\\\functions\",\"node_version\":\"14.17.1\"}"}}
[debug] [2021-07-01T10:47:03.274Z] [runtime-status] [9060] Disabled runtime features: undefined {"metadata":{"emulator":{"name":"functions"},"function":{"name":"us-central1-api"},"message":"[runtime-status] [9060] Disabled runtime features: undefined"}}
[debug] [2021-07-01T10:47:03.277Z] [runtime-status] [9060] Resolved module firebase-admin {"declared":true,"installed":true,"version":"9.10.0","resolution":"D:\\Mine Stuffs\\amazon-clone\\functions\\node_modules\\firebase-admin\\lib\\index.js"} {"metadata":{"emulator":{"name":"functions"},"function":{"name":"us-central1-api"},"message":"[runtime-status] [9060] Resolved module firebase-admin {\"declared\":true,\"installed\":true,\"version\":\"9.10.0\",\"resolution\":\"D:\\\\Mine Stuffs\\\\amazon-clone\\\\functions\\\\node_modules\\\\firebase-admin\\\\lib\\\\index.js\"}"}}
[debug] [2021-07-01T10:47:03.278Z] [runtime-status] [9060] Resolved module firebase-functions {"declared":true,"installed":true,"version":"3.14.1","resolution":"D:\\Mine Stuffs\\amazon-clone\\functions\\node_modules\\firebase-functions\\lib\\index.js"} {"metadata":{"emulator":{"name":"functions"},"function":{"name":"us-central1-api"},"message":"[runtime-status] [9060] Resolved module firebase-functions {\"declared\":true,\"installed\":true,\"version\":\"3.14.1\",\"resolution\":\"D:\\\\Mine Stuffs\\\\amazon-clone\\\\functions\\\\node_modules\\\\firebase-functions\\\\lib\\\\index.js\"}"}}
[debug] [2021-07-01T10:47:03.280Z] [runtime-status] [9060] Resolved module firebase-functions {"declared":true,"installed":true,"version":"3.14.1","resolution":"D:\\Mine Stuffs\\amazon-clone\\functions\\node_modules\\firebase-functions\\lib\\index.js"} {"metadata":{"emulator":{"name":"functions"},"function":{"name":"us-central1-api"},"message":"[runtime-status] [9060] Resolved module firebase-functions {\"declared\":true,\"installed\":true,\"version\":\"3.14.1\",\"resolution\":\"D:\\\\Mine Stuffs\\\\amazon-clone\\\\functions\\\\node_modules\\\\firebase-functions\\\\lib\\\\index.js\"}"}}
[debug] [2021-07-01T10:47:03.282Z] [runtime-status] [9060] Outgoing network have been stubbed. [{"name":"http","status":"mocked"},{"name":"http","status":"mocked"},{"name":"https","status":"mocked"},{"name":"https","status":"mocked"},{"name":"net","status":"mocked"}] {"metadata":{"emulator":{"name":"functions"},"function":{"name":"us-central1-api"},"message":"[runtime-status] [9060] Outgoing network have been stubbed. [{\"name\":\"http\",\"status\":\"mocked\"},{\"name\":\"http\",\"status\":\"mocked\"},{\"name\":\"https\",\"status\":\"mocked\"},{\"name\":\"https\",\"status\":\"mocked\"},{\"name\":\"net\",\"status\":\"mocked\"}]"}}
[debug] [2021-07-01T10:47:03.282Z] [runtime-status] [9060] Resolved module firebase-functions {"declared":true,"installed":true,"version":"3.14.1","resolution":"D:\\Mine Stuffs\\amazon-clone\\functions\\node_modules\\firebase-functions\\lib\\index.js"} {"metadata":{"emulator":{"name":"functions"},"function":{"name":"us-central1-api"},"message":"[runtime-status] [9060] Resolved module firebase-functions {\"declared\":true,\"installed\":true,\"version\":\"3.14.1\",\"resolution\":\"D:\\\\Mine Stuffs\\\\amazon-clone\\\\functions\\\\node_modules\\\\firebase-functions\\\\lib\\\\index.js\"}"}}
[debug] [2021-07-01T10:47:03.317Z] [runtime-status] [9060] Checked functions.config() {"config":{}} {"metadata":{"emulator":{"name":"functions"},"function":{"name":"us-central1-api"},"message":"[runtime-status] [9060] Checked functions.config() {\"config\":{}}"}}
[debug] [2021-07-01T10:47:03.317Z] [runtime-status] [9060] firebase-functions has been stubbed. {"functionsResolution":{"declared":true,"installed":true,"version":"3.14.1","resolution":"D:\\Mine Stuffs\\amazon-clone\\functions\\node_modules\\firebase-functions\\lib\\index.js"}} {"metadata":{"emulator":{"name":"functions"},"function":{"name":"us-central1-api"},"message":"[runtime-status] [9060] firebase-functions has been stubbed. {\"functionsResolution\":{\"declared\":true,\"installed\":true,\"version\":\"3.14.1\",\"resolution\":\"D:\\\\Mine Stuffs\\\\amazon-clone\\\\functions\\\\node_modules\\\\firebase-functions\\\\lib\\\\index.js\"}}"}}
[debug] [2021-07-01T10:47:03.318Z] [runtime-status] [9060] Resolved module firebase-functions {"declared":true,"installed":true,"version":"3.14.1","resolution":"D:\\Mine Stuffs\\amazon-clone\\functions\\node_modules\\firebase-functions\\lib\\index.js"} {"metadata":{"emulator":{"name":"functions"},"function":{"name":"us-central1-api"},"message":"[runtime-status] [9060] Resolved module firebase-functions {\"declared\":true,\"installed\":true,\"version\":\"3.14.1\",\"resolution\":\"D:\\\\Mine Stuffs\\\\amazon-clone\\\\functions\\\\node_modules\\\\firebase-functions\\\\lib\\\\index.js\"}"}}
[debug] [2021-07-01T10:47:03.318Z] [runtime-status] [9060] Resolved module firebase-admin {"declared":true,"installed":true,"version":"9.10.0","resolution":"D:\\Mine Stuffs\\amazon-clone\\functions\\node_modules\\firebase-admin\\lib\\index.js"} {"metadata":{"emulator":{"name":"functions"},"function":{"name":"us-central1-api"},"message":"[runtime-status] [9060] Resolved module firebase-admin {\"declared\":true,\"installed\":true,\"version\":\"9.10.0\",\"resolution\":\"D:\\\\Mine Stuffs\\\\amazon-clone\\\\functions\\\\node_modules\\\\firebase-admin\\\\lib\\\\index.js\"}"}}
[debug] [2021-07-01T10:47:03.318Z] [runtime-status] [9060] Resolved module firebase-functions {"declared":true,"installed":true,"version":"3.14.1","resolution":"D:\\Mine Stuffs\\amazon-clone\\functions\\node_modules\\firebase-functions\\lib\\index.js"} {"metadata":{"emulator":{"name":"functions"},"function":{"name":"us-central1-api"},"message":"[runtime-status] [9060] Resolved module firebase-functions {\"declared\":true,\"installed\":true,\"version\":\"3.14.1\",\"resolution\":\"D:\\\\Mine Stuffs\\\\amazon-clone\\\\functions\\\\node_modules\\\\firebase-functions\\\\lib\\\\index.js\"}"}}
[debug] [2021-07-01T10:47:03.319Z] [runtime-status] [9060] firebase-admin has been stubbed. {"adminResolution":{"declared":true,"installed":true,"version":"9.10.0","resolution":"D:\\Mine Stuffs\\amazon-clone\\functions\\node_modules\\firebase-admin\\lib\\index.js"}} {"metadata":{"emulator":{"name":"functions"},"function":{"name":"us-central1-api"},"message":"[runtime-status] [9060] firebase-admin has been stubbed. {\"adminResolution\":{\"declared\":true,\"installed\":true,\"version\":\"9.10.0\",\"resolution\":\"D:\\\\Mine Stuffs\\\\amazon-clone\\\\functions\\\\node_modules\\\\firebase-admin\\\\lib\\\\index.js\"}}"}}
[debug] [2021-07-01T10:47:03.415Z] [runtime-status] [9060] Trigger "us-central1-api" has been found, beginning invocation! {"metadata":{"emulator":{"name":"functions"},"function":{"name":"us-central1-api"},"message":"[runtime-status] [9060] Trigger \"us-central1-api\" has been found, beginning invocation!"}}
[info] i  functions: Beginning execution of "us-central1-api" {"metadata":{"emulator":{"name":"functions"},"function":{"name":"us-central1-api"},"message":"Beginning execution of \"us-central1-api\""}}
[debug] [2021-07-01T10:47:03.417Z] [runtime-status] [9060] triggerDefinition {"httpsTrigger":{},"name":"api","entryPoint":"api","regions":["us-central1"],"region":"us-central1","id":"us-central1-api"} {"metadata":{"emulator":{"name":"functions"},"function":{"name":"us-central1-api"},"message":"[runtime-status] [9060] triggerDefinition {\"httpsTrigger\":{},\"name\":\"api\",\"entryPoint\":\"api\",\"regions\":[\"us-central1\"],\"region\":\"us-central1\",\"id\":\"us-central1-api\"}"}}
[debug] [2021-07-01T10:47:03.418Z] [runtime-status] [9060] Running us-central1-api in mode HTTPS {"metadata":{"emulator":{"name":"functions"},"function":{"name":"us-central1-api"},"message":"[runtime-status] [9060] Running us-central1-api in mode HTTPS"}}
[debug] [2021-07-01T10:47:03.418Z] [runtime-status] [9060] Attempting to listen to socketPath: \\?\pipe\D:\Mine Stuffs\amazon-clone\functions\9060 {"metadata":{"emulator":{"name":"functions"},"function":{"name":"us-central1-api"},"message":"[runtime-status] [9060] Attempting to listen to socketPath: \\\\?\\pipe\\D:\\Mine Stuffs\\amazon-clone\\functions\\9060"}}
[debug] [2021-07-01T10:47:03.421Z] [functions] Runtime ready! Sending request! {"metadata":{"emulator":{"name":"functions"},"message":"[functions] Runtime ready! Sending request!"}}
[debug] [2021-07-01T10:47:03.423Z] [functions] Got req.url=/clone-df6ba/us-central1/api/payments/create?total=36860, mapping to path=/payments/create?total=36860 {"metadata":{"emulator":{"name":"functions"},"message":"[functions] Got req.url=/clone-df6ba/us-central1/api/payments/create?total=36860, mapping to path=/payments/create?total=36860"}}
[debug] [2021-07-01T10:47:03.434Z] [runtime-status] [9060] Ephemeral server handling POST request {"metadata":{"emulator":{"name":"functions"},"function":{"name":"us-central1-api"},"message":"[runtime-status] [9060] Ephemeral server handling POST request"}}
[info] >  Payment Request Received --- for this amount 36860 {"user":"Payment Request Received --- for this amount 36860","metadata":{"emulator":{"name":"functions"},"function":{"name":"us-central1-api"},"message":"\u001b[90m> \u001b[39m Payment Request Received --- for this amount 36860"}}
[debug] [2021-07-01T10:47:03.446Z] [runtime-status] [9060] Ephemeral server survived. {"metadata":{"emulator":{"name":"functions"},"function":{"name":"us-central1-api"},"message":"[runtime-status] [9060] Ephemeral server survived."}}
[info] i  functions: Finished "us-central1-api" in ~1s {"metadata":{"emulator":{"name":"functions"},"function":{"name":"us-central1-api"},"message":"Finished \"us-central1-api\" in ~1s"}}
[debug] [2021-07-01T10:47:04.974Z] [worker-us-central1-api-44bceac9-d038-43f9-a496-f072c11e477e]: IDLE {"metadata":{"emulator":{"name":"functions"},"message":"[worker-us-central1-api-44bceac9-d038-43f9-a496-f072c11e477e]: IDLE"}}
[debug] [2021-07-01T10:47:04.975Z] [work-queue] {"queueLength":0,"workRunningCount":0}
[debug] [2021-07-01T10:54:35.096Z] [work-queue] {"queueLength":1,"workRunningCount":0}
[debug] [2021-07-01T10:54:35.097Z] [work-queue] {"queueLength":0,"workRunningCount":1}
[debug] [2021-07-01T10:54:35.097Z] Accepted request POST /clone-df6ba/us-central1/api/payments/create?total=0 --> us-central1-api
[debug] [2021-07-01T10:54:35.097Z] [worker-pool] submitWork(triggerId=us-central1-api) {"metadata":{"emulator":{"name":"functions"},"message":"[worker-pool] submitWork(triggerId=us-central1-api)"}}
[debug] [2021-07-01T10:54:35.097Z] [worker-us-central1-api-44bceac9-d038-43f9-a496-f072c11e477e]: Assigning socketPath: \\?\pipe\D:\Mine Stuffs\amazon-clone\functions\9060 {"metadata":{"emulator":{"name":"functions"},"message":"[worker-us-central1-api-44bceac9-d038-43f9-a496-f072c11e477e]: Assigning socketPath: \\\\?\\pipe\\D:\\Mine Stuffs\\amazon-clone\\functions\\9060"}}
[debug] [2021-07-01T10:54:35.097Z] [worker-us-central1-api-44bceac9-d038-43f9-a496-f072c11e477e]: BUSY {"metadata":{"emulator":{"name":"functions"},"message":"[worker-us-central1-api-44bceac9-d038-43f9-a496-f072c11e477e]: BUSY"}}
[debug] [2021-07-01T10:54:35.098Z] [runtime-status] [9060] Trigger "us-central1-api" has been found, beginning invocation! {"metadata":{"emulator":{"name":"functions"},"function":{"name":"us-central1-api"},"message":"[runtime-status] [9060] Trigger \"us-central1-api\" has been found, beginning invocation!"}}
[info] i  functions: Beginning execution of "us-central1-api" {"metadata":{"emulator":{"name":"functions"},"function":{"name":"us-central1-api"},"message":"Beginning execution of \"us-central1-api\""}}
[debug] [2021-07-01T10:54:35.100Z] [runtime-status] [9060] triggerDefinition {"httpsTrigger":{},"name":"api","entryPoint":"api","regions":["us-central1"],"region":"us-central1","id":"us-central1-api"} {"metadata":{"emulator":{"name":"functions"},"function":{"name":"us-central1-api"},"message":"[runtime-status] [9060] triggerDefinition {\"httpsTrigger\":{},\"name\":\"api\",\"entryPoint\":\"api\",\"regions\":[\"us-central1\"],\"region\":\"us-central1\",\"id\":\"us-central1-api\"}"}}
[debug] [2021-07-01T10:54:35.101Z] [runtime-status] [9060] Running us-central1-api in mode HTTPS {"metadata":{"emulator":{"name":"functions"},"function":{"name":"us-central1-api"},"message":"[runtime-status] [9060] Running us-central1-api in mode HTTPS"}}
[debug] [2021-07-01T10:54:35.101Z] [runtime-status] [9060] Attempting to listen to socketPath: \\?\pipe\D:\Mine Stuffs\amazon-clone\functions\9060 {"metadata":{"emulator":{"name":"functions"},"function":{"name":"us-central1-api"},"message":"[runtime-status] [9060] Attempting to listen to socketPath: \\\\?\\pipe\\D:\\Mine Stuffs\\amazon-clone\\functions\\9060"}}
[debug] [2021-07-01T10:54:35.103Z] [functions] Runtime ready! Sending request! {"metadata":{"emulator":{"name":"functions"},"message":"[functions] Runtime ready! Sending request!"}}
[debug] [2021-07-01T10:54:35.104Z] [functions] Got req.url=/clone-df6ba/us-central1/api/payments/create?total=0, mapping to path=/payments/create?total=0 {"metadata":{"emulator":{"name":"functions"},"message":"[functions] Got req.url=/clone-df6ba/us-central1/api/payments/create?total=0, mapping to path=/payments/create?total=0"}}
[debug] [2021-07-01T10:54:35.111Z] [runtime-status] [9060] Ephemeral server handling POST request {"metadata":{"emulator":{"name":"functions"},"function":{"name":"us-central1-api"},"message":"[runtime-status] [9060] Ephemeral server handling POST request"}}
[info] >  Payment Request Received --- for this amount 0 {"user":"Payment Request Received --- for this amount 0","metadata":{"emulator":{"name":"functions"},"function":{"name":"us-central1-api"},"message":"\u001b[90m> \u001b[39m Payment Request Received --- for this amount 0"}}
[debug] [2021-07-01T10:54:35.116Z] [runtime-status] [9060] Ephemeral server survived. {"metadata":{"emulator":{"name":"functions"},"function":{"name":"us-central1-api"},"message":"[runtime-status] [9060] Ephemeral server survived."}}
[info] >  (node:9060) UnhandledPromiseRejectionWarning: Error: This value must be greater than or equal to 1. {"user":"(node:9060) UnhandledPromiseRejectionWarning: Error: This value must be greater than or equal to 1.","metadata":{"emulator":{"name":"functions"},"function":{"name":"us-central1-api"},"message":"\u001b[90m> \u001b[39m (node:9060) UnhandledPromiseRejectionWarning: Error: This value must be greater than or equal to 1."}}
[info] >      at Function.generate (D:\Mine Stuffs\amazon-clone\functions\node_modules\stripe\lib\Error.js:40:16) {"user":"    at Function.generate (D:\\Mine Stuffs\\amazon-clone\\functions\\node_modules\\stripe\\lib\\Error.js:40:16)","metadata":{"emulator":{"name":"functions"},"function":{"name":"us-central1-api"},"message":"\u001b[90m> \u001b[39m     at Function.generate (D:\\Mine Stuffs\\amazon-clone\\functions\\node_modules\\stripe\\lib\\Error.js:40:16)"}}
[info] >      at IncomingMessage.<anonymous> (D:\Mine Stuffs\amazon-clone\functions\node_modules\stripe\lib\StripeResource.js:203:33) {"user":"    at IncomingMessage.<anonymous> (D:\\Mine Stuffs\\amazon-clone\\functions\\node_modules\\stripe\\lib\\StripeResource.js:203:33)","metadata":{"emulator":{"name":"functions"},"function":{"name":"us-central1-api"},"message":"\u001b[90m> \u001b[39m     at IncomingMessage.<anonymous> (D:\\Mine Stuffs\\amazon-clone\\functions\\node_modules\\stripe\\lib\\StripeResource.js:203:33)"}}
[info] >      at Object.onceWrapper (events.js:481:28) {"user":"    at Object.onceWrapper (events.js:481:28)","metadata":{"emulator":{"name":"functions"},"function":{"name":"us-central1-api"},"message":"\u001b[90m> \u001b[39m     at Object.onceWrapper (events.js:481:28)"}}
[info] >      at IncomingMessage.emit (events.js:387:35) {"user":"    at IncomingMessage.emit (events.js:387:35)","metadata":{"emulator":{"name":"functions"},"function":{"name":"us-central1-api"},"message":"\u001b[90m> \u001b[39m     at IncomingMessage.emit (events.js:387:35)"}}
[info] >      at endReadableNT (internal/streams/readable.js:1317:12) {"user":"    at endReadableNT (internal/streams/readable.js:1317:12)","metadata":{"emulator":{"name":"functions"},"function":{"name":"us-central1-api"},"message":"\u001b[90m> \u001b[39m     at endReadableNT (internal/streams/readable.js:1317:12)"}}
[info] >      at processTicksAndRejections (internal/process/task_queues.js:82:21) {"user":"    at processTicksAndRejections (internal/process/task_queues.js:82:21)","metadata":{"emulator":{"name":"functions"},"function":{"name":"us-central1-api"},"message":"\u001b[90m> \u001b[39m     at processTicksAndRejections (internal/process/task_queues.js:82:21)"}}
[info] >  (Use `node --trace-warnings ...` to show where the warning was created) {"user":"(Use `node --trace-warnings ...` to show where the warning was created)","metadata":{"emulator":{"name":"functions"},"function":{"name":"us-central1-api"},"message":"\u001b[90m> \u001b[39m (Use `node --trace-warnings ...` to show where the warning was created)"}}
[info] >  (node:9060) UnhandledPromiseRejectionWarning: Unhandled promise rejection. This error originated either by throwing inside of an async function without a catch block, or by rejecting a promise which was not handled with .catch(). To terminate the node process on unhandled promise rejection, use the CLI flag `--unhandled-rejections=strict` (see https://nodejs.org/api/cli.html#cli_unhandled_rejections_mode). (rejection id: 1) {"user":"(node:9060) UnhandledPromiseRejectionWarning: Unhandled promise rejection. This error originated either by throwing inside of an async function without a catch block, or by rejecting a promise which was not handled with .catch(). To terminate the node process on unhandled promise rejection, use the CLI flag `--unhandled-rejections=strict` (see https://nodejs.org/api/cli.html#cli_unhandled_rejections_mode). (rejection id: 1)","metadata":{"emulator":{"name":"functions"},"function":{"name":"us-central1-api"},"message":"\u001b[90m> \u001b[39m (node:9060) UnhandledPromiseRejectionWarning: Unhandled promise rejection. This error originated either by throwing inside of an async function without a catch block, or by rejecting a promise which was not handled with .catch(). To terminate the node process on unhandled promise rejection, use the CLI flag `--unhandled-rejections=strict` (see https://nodejs.org/api/cli.html#cli_unhandled_rejections_mode). (rejection id: 1)"}}
[info] >  (node:9060) [DEP0018] DeprecationWarning: Unhandled promise rejections are deprecated. In the future, promise rejections that are not handled will terminate the Node.js process with a non-zero exit code. {"user":"(node:9060) [DEP0018] DeprecationWarning: Unhandled promise rejections are deprecated. In the future, promise rejections that are not handled will terminate the Node.js process with a non-zero exit code.","metadata":{"emulator":{"name":"functions"},"function":{"name":"us-central1-api"},"message":"\u001b[90m> \u001b[39m (node:9060) [DEP0018] DeprecationWarning: Unhandled promise rejections are deprecated. In the future, promise rejections that are not handled will terminate the Node.js process with a non-zero exit code."}}
[warn] !  functions: Your function timed out after ~60s. To configure this timeout, see
      https://firebase.google.com/docs/functions/manage-functions#set_timeout_and_memory_allocation. {"metadata":{"emulator":{"name":"functions"},"function":{"name":"us-central1-api"},"message":"Your function timed out after ~60s. To configure this timeout, see\n      https://firebase.google.com/docs/functions/manage-functions#set_timeout_and_memory_allocation."}}
[info] >  C:\Users\aswin\AppData\Roaming\npm\node_modules\firebase-tools\lib\emulator\functionsEmulatorRuntime.js:648 {"user":"C:\\Users\\aswin\\AppData\\Roaming\\npm\\node_modules\\firebase-tools\\lib\\emulator\\functionsEmulatorRuntime.js:648\r","metadata":{"emulator":{"name":"functions"},"function":{"name":"us-central1-api"},"message":"\u001b[90m> \u001b[39m C:\\Users\\aswin\\AppData\\Roaming\\npm\\node_modules\\firebase-tools\\lib\\emulator\\functionsEmulatorRuntime.js:648\r"}}
[info] >              throw new Error("Function timed out."); {"user":"            throw new Error(\"Function timed out.\");\r","metadata":{"emulator":{"name":"functions"},"function":{"name":"us-central1-api"},"message":"\u001b[90m> \u001b[39m             throw new Error(\"Function timed out.\");\r"}}
[info] >              ^ {"user":"            ^\r","metadata":{"emulator":{"name":"functions"},"function":{"name":"us-central1-api"},"message":"\u001b[90m> \u001b[39m             ^\r"}}
[info] >   {"user":"\r","metadata":{"emulator":{"name":"functions"},"function":{"name":"us-central1-api"},"message":"\u001b[90m> \u001b[39m \r"}}
[info] >  Error: Function timed out. {"user":"Error: Function timed out.\r","metadata":{"emulator":{"name":"functions"},"function":{"name":"us-central1-api"},"message":"\u001b[90m> \u001b[39m Error: Function timed out.\r"}}
[info] >      at Timeout._onTimeout (C:\Users\aswin\AppData\Roaming\npm\node_modules\firebase-tools\lib\emulator\functionsEmulatorRuntime.js:648:19) {"user":"    at Timeout._onTimeout (C:\\Users\\aswin\\AppData\\Roaming\\npm\\node_modules\\firebase-tools\\lib\\emulator\\functionsEmulatorRuntime.js:648:19)\r","metadata":{"emulator":{"name":"functions"},"function":{"name":"us-central1-api"},"message":"\u001b[90m> \u001b[39m     at Timeout._onTimeout (C:\\Users\\aswin\\AppData\\Roaming\\npm\\node_modules\\firebase-tools\\lib\\emulator\\functionsEmulatorRuntime.js:648:19)\r"}}
[info] >      at listOnTimeout (internal/timers.js:557:17) {"user":"    at listOnTimeout (internal/timers.js:557:17)\r","metadata":{"emulator":{"name":"functions"},"function":{"name":"us-central1-api"},"message":"\u001b[90m> \u001b[39m     at listOnTimeout (internal/timers.js:557:17)\r"}}
[info] >      at processTimers (internal/timers.js:500:7) {"user":"    at processTimers (internal/timers.js:500:7)\r","metadata":{"emulator":{"name":"functions"},"function":{"name":"us-central1-api"},"message":"\u001b[90m> \u001b[39m     at processTimers (internal/timers.js:500:7)\r"}}
[debug] [2021-07-01T10:55:35.146Z] [worker-us-central1-api-44bceac9-d038-43f9-a496-f072c11e477e]: exited {"metadata":{"emulator":{"name":"functions"},"message":"[worker-us-central1-api-44bceac9-d038-43f9-a496-f072c11e477e]: exited"}}
[debug] [2021-07-01T10:55:35.146Z] [worker-us-central1-api-44bceac9-d038-43f9-a496-f072c11e477e]: FINISHED {"metadata":{"emulator":{"name":"functions"},"message":"[worker-us-central1-api-44bceac9-d038-43f9-a496-f072c11e477e]: FINISHED"}}
[debug] [2021-07-01T10:55:35.147Z] [work-queue] {"queueLength":0,"workRunningCount":0}
[debug] [2021-07-01T11:48:27.939Z] Received signal SIGHUP 1
